[DIAGNOSTICS] [2026-06-05T07:44:26.220Z] [Interval]
Memory: RSS=30.97 MB, HeapTotal=46.23 MB, HeapUsed=38.03 MB (Usage: 82.27%)
Transactions: ActiveCount=0
DB Pool: Used=0, Free=1, PendingAcquires=0, PendingCreates=0
Sockets: ActiveSockets=0, ActiveRooms=0
Image Cache: Size=0/100, EstMemory=0.00 MB, Hits=0, Misses=0 (HitRate: 0.00%, MissRate: 0.00%)
--------------------------------------------------------------------------------
[DIAGNOSTICS] [2026-06-05T07:49:26.232Z] [Interval]
Memory: RSS=22.29 MB, HeapTotal=46.23 MB, HeapUsed=41.46 MB (Usage: 89.68%)
Transactions: ActiveCount=0
DB Pool: Used=0, Free=1, PendingAcquires=0, PendingCreates=0
Sockets: ActiveSockets=0, ActiveRooms=0
Image Cache: Size=0/100, EstMemory=0.00 MB, Hits=0, Misses=0 (HitRate: 0.00%, MissRate: 0.00%)
--------------------------------------------------------------------------------
[DIAGNOSTICS] [2026-06-05T07:51:24.232Z] [Startup]
Memory: RSS=104.99 MB, HeapTotal=67.01 MB, HeapUsed=45.67 MB (Usage: 68.16%)
Transactions: ActiveCount=0
DB Pool: Used=1, Free=0, PendingAcquires=1, PendingCreates=1
Sockets: ActiveSockets=0, ActiveRooms=0
Image Cache: Size=0/100, EstMemory=0.00 MB, Hits=0, Misses=0 (HitRate: 0.00%, MissRate: 0.00%)
--------------------------------------------------------------------------------
[DIAGNOSTICS] [2026-06-05T07:56:19.277Z] [Interval]
Memory: RSS=23.84 MB, HeapTotal=41.98 MB, HeapUsed=39.56 MB (Usage: 94.24%)
Transactions: ActiveCount=0
DB Pool: Used=0, Free=1, PendingAcquires=0, PendingCreates=0
Sockets: ActiveSockets=0, ActiveRooms=0
Image Cache: Size=0/100, EstMemory=0.00 MB, Hits=0, Misses=0 (HitRate: 0.00%, MissRate: 0.00%)
--------------------------------------------------------------------------------
[DIAGNOSTICS] [2026-06-05T08:03:18.266Z] [Interval]
Memory: RSS=27.07 MB, HeapTotal=43.73 MB, HeapUsed=41.40 MB (Usage: 94.68%)
Transactions: ActiveCount=0
DB Pool: Used=0, Free=0, PendingAcquires=0, PendingCreates=0
Sockets: ActiveSockets=0, ActiveRooms=0
Image Cache: Size=0/100, EstMemory=0.00 MB, Hits=0, Misses=0 (HitRate: 0.00%, MissRate: 0.00%)
--------------------------------------------------------------------------------
[DIAGNOSTICS] [2026-06-05T08:15:51.204Z] [Interval]
Memory: RSS=51.10 MB, HeapTotal=45.73 MB, HeapUsed=38.07 MB (Usage: 83.25%)
Transactions: ActiveCount=0
DB Pool: Used=0, Free=0, PendingAcquires=0, PendingCreates=0
Sockets: ActiveSockets=0, ActiveRooms=0
Image Cache: Size=0/100, EstMemory=0.00 MB, Hits=0, Misses=0 (HitRate: 0.00%, MissRate: 0.00%)
--------------------------------------------------------------------------------
[DIAGNOSTICS] [2026-06-05T08:20:51.210Z] [Interval]
Memory: RSS=37.46 MB, HeapTotal=45.73 MB, HeapUsed=41.52 MB (Usage: 90.79%)
Transactions: ActiveCount=0
DB Pool: Used=0, Free=1, PendingAcquires=0, PendingCreates=0
Sockets: ActiveSockets=0, ActiveRooms=0
Image Cache: Size=0/100, EstMemory=0.00 MB, Hits=0, Misses=0 (HitRate: 0.00%, MissRate: 0.00%)
--------------------------------------------------------------------------------
[DIAGNOSTICS] [2026-06-05T08:25:51.214Z] [Interval]
Memory: RSS=50.73 MB, HeapTotal=46.23 MB, HeapUsed=38.00 MB (Usage: 82.20%)
Transactions: ActiveCount=0
DB Pool: Used=0, Free=1, PendingAcquires=0, PendingCreates=0
Sockets: ActiveSockets=0, ActiveRooms=0
Image Cache: Size=0/100, EstMemory=0.00 MB, Hits=0, Misses=0 (HitRate: 0.00%, MissRate: 0.00%)
--------------------------------------------------------------------------------
[DIAGNOSTICS] [2026-06-05T08:30:51.224Z] [Interval]
Memory: RSS=52.55 MB, HeapTotal=46.23 MB, HeapUsed=41.45 MB (Usage: 89.66%)
Transactions: ActiveCount=0
DB Pool: Used=0, Free=1, PendingAcquires=0, PendingCreates=0
Sockets: ActiveSockets=0, ActiveRooms=0
Image Cache: Size=0/100, EstMemory=0.00 MB, Hits=0, Misses=0 (HitRate: 0.00%, MissRate: 0.00%)
--------------------------------------------------------------------------------
[DIAGNOSTICS] [2026-06-05T08:58:30.158Z] [Interval]
Memory: RSS=34.20 MB, HeapTotal=47.23 MB, HeapUsed=42.18 MB (Usage: 89.31%)
Transactions: ActiveCount=0
DB Pool: Used=0, Free=0, PendingAcquires=0, PendingCreates=0
Sockets: ActiveSockets=0, ActiveRooms=0
Image Cache: Size=0/100, EstMemory=0.00 MB, Hits=0, Misses=0 (HitRate: 0.00%, MissRate: 0.00%)
--------------------------------------------------------------------------------
[DIAGNOSTICS] [2026-06-05T09:03:30.159Z] [Interval]
Memory: RSS=50.02 MB, HeapTotal=46.48 MB, HeapUsed=37.62 MB (Usage: 80.94%)
Transactions: ActiveCount=0
DB Pool: Used=0, Free=1, PendingAcquires=0, PendingCreates=0
Sockets: ActiveSockets=0, ActiveRooms=0
Image Cache: Size=0/100, EstMemory=0.00 MB, Hits=0, Misses=0 (HitRate: 0.00%, MissRate: 0.00%)
--------------------------------------------------------------------------------
[DIAGNOSTICS] [2026-06-05T09:08:30.164Z] [Interval]
Memory: RSS=28.03 MB, HeapTotal=46.48 MB, HeapUsed=40.97 MB (Usage: 88.15%)
Transactions: ActiveCount=0
DB Pool: Used=0, Free=1, PendingAcquires=0, PendingCreates=0
Sockets: ActiveSockets=0, ActiveRooms=0
Image Cache: Size=0/100, EstMemory=0.00 MB, Hits=0, Misses=0 (HitRate: 0.00%, MissRate: 0.00%)
--------------------------------------------------------------------------------
[DIAGNOSTICS] [2026-06-05T09:13:30.162Z] [Interval]
Memory: RSS=47.82 MB, HeapTotal=45.04 MB, HeapUsed=34.20 MB (Usage: 75.94%)
Transactions: ActiveCount=0
DB Pool: Used=0, Free=1, PendingAcquires=0, PendingCreates=0
Sockets: ActiveSockets=0, ActiveRooms=0
Image Cache: Size=0/100, EstMemory=0.00 MB, Hits=0, Misses=0 (HitRate: 0.00%, MissRate: 0.00%)
--------------------------------------------------------------------------------
[DIAGNOSTICS] [2026-06-05T09:18:30.170Z] [Interval]
Memory: RSS=21.52 MB, HeapTotal=45.04 MB, HeapUsed=37.59 MB (Usage: 83.46%)
Transactions: ActiveCount=0
DB Pool: Used=0, Free=1, PendingAcquires=0, PendingCreates=0
Sockets: ActiveSockets=0, ActiveRooms=0
Image Cache: Size=0/100, EstMemory=0.00 MB, Hits=0, Misses=0 (HitRate: 0.00%, MissRate: 0.00%)
--------------------------------------------------------------------------------
[DIAGNOSTICS] [2026-06-05T09:23:30.178Z] [Interval]
Memory: RSS=46.76 MB, HeapTotal=44.04 MB, HeapUsed=33.81 MB (Usage: 76.77%)
Transactions: ActiveCount=0
DB Pool: Used=0, Free=1, PendingAcquires=0, PendingCreates=0
Sockets: ActiveSockets=0, ActiveRooms=0
Image Cache: Size=0/100, EstMemory=0.00 MB, Hits=0, Misses=0 (HitRate: 0.00%, MissRate: 0.00%)
--------------------------------------------------------------------------------
[DIAGNOSTICS] [2026-06-05T09:28:30.201Z] [Interval]
Memory: RSS=19.80 MB, HeapTotal=44.04 MB, HeapUsed=37.14 MB (Usage: 84.35%)
Transactions: ActiveCount=0
DB Pool: Used=0, Free=1, PendingAcquires=0, PendingCreates=0
Sockets: ActiveSockets=0, ActiveRooms=0
Image Cache: Size=0/100, EstMemory=0.00 MB, Hits=0, Misses=0 (HitRate: 0.00%, MissRate: 0.00%)
--------------------------------------------------------------------------------
[DIAGNOSTICS] [2026-06-05T09:33:30.190Z] [Interval]
Memory: RSS=43.08 MB, HeapTotal=45.04 MB, HeapUsed=33.33 MB (Usage: 74.00%)
Transactions: ActiveCount=0
DB Pool: Used=0, Free=1, PendingAcquires=0, PendingCreates=0
Sockets: ActiveSockets=0, ActiveRooms=0
Image Cache: Size=0/100, EstMemory=0.00 MB, Hits=0, Misses=0 (HitRate: 0.00%, MissRate: 0.00%)
--------------------------------------------------------------------------------
[DIAGNOSTICS] [2026-06-05T09:38:30.195Z] [Interval]
Memory: RSS=26.86 MB, HeapTotal=44.04 MB, HeapUsed=36.68 MB (Usage: 83.31%)
Transactions: ActiveCount=0
DB Pool: Used=0, Free=1, PendingAcquires=0, PendingCreates=0
Sockets: ActiveSockets=0, ActiveRooms=0
Image Cache: Size=0/100, EstMemory=0.00 MB, Hits=0, Misses=0 (HitRate: 0.00%, MissRate: 0.00%)
--------------------------------------------------------------------------------
[DIAGNOSTICS] [2026-06-05T09:43:30.205Z] [Interval]
Memory: RSS=45.34 MB, HeapTotal=44.04 MB, HeapUsed=32.99 MB (Usage: 74.93%)
Transactions: ActiveCount=0
DB Pool: Used=0, Free=1, PendingAcquires=0, PendingCreates=0
Sockets: ActiveSockets=0, ActiveRooms=0
Image Cache: Size=0/100, EstMemory=0.00 MB, Hits=0, Misses=0 (HitRate: 0.00%, MissRate: 0.00%)
--------------------------------------------------------------------------------
[DIAGNOSTICS] [2026-06-05T09:48:30.223Z] [Interval]
Memory: RSS=18.58 MB, HeapTotal=44.04 MB, HeapUsed=36.33 MB (Usage: 82.50%)
Transactions: ActiveCount=0
DB Pool: Used=0, Free=1, PendingAcquires=0, PendingCreates=0
Sockets: ActiveSockets=0, ActiveRooms=0
Image Cache: Size=0/100, EstMemory=0.00 MB, Hits=0, Misses=0 (HitRate: 0.00%, MissRate: 0.00%)
--------------------------------------------------------------------------------
[DIAGNOSTICS] [2026-06-05T09:53:30.226Z] [Interval]
Memory: RSS=18.27 MB, HeapTotal=44.04 MB, HeapUsed=39.64 MB (Usage: 90.01%)
Transactions: ActiveCount=0
DB Pool: Used=0, Free=1, PendingAcquires=0, PendingCreates=0
Sockets: ActiveSockets=0, ActiveRooms=0
Image Cache: Size=0/100, EstMemory=0.00 MB, Hits=0, Misses=0 (HitRate: 0.00%, MissRate: 0.00%)
--------------------------------------------------------------------------------
[DIAGNOSTICS] [2026-06-05T09:58:30.242Z] [Interval]
Memory: RSS=21.12 MB, HeapTotal=44.04 MB, HeapUsed=35.86 MB (Usage: 81.43%)
Transactions: ActiveCount=0
DB Pool: Used=0, Free=1, PendingAcquires=0, PendingCreates=0
Sockets: ActiveSockets=0, ActiveRooms=0
Image Cache: Size=0/100, EstMemory=0.00 MB, Hits=0, Misses=0 (HitRate: 0.00%, MissRate: 0.00%)
--------------------------------------------------------------------------------
[DIAGNOSTICS] [2026-06-05T10:03:30.235Z] [Interval]
Memory: RSS=27.09 MB, HeapTotal=44.04 MB, HeapUsed=39.31 MB (Usage: 89.26%)
Transactions: ActiveCount=0
DB Pool: Used=0, Free=1, PendingAcquires=0, PendingCreates=0
Sockets: ActiveSockets=0, ActiveRooms=0
Image Cache: Size=0/100, EstMemory=0.00 MB, Hits=0, Misses=0 (HitRate: 0.00%, MissRate: 0.00%)
--------------------------------------------------------------------------------
[DIAGNOSTICS] [2026-06-05T10:08:30.246Z] [Interval]
Memory: RSS=48.10 MB, HeapTotal=45.04 MB, HeapUsed=32.86 MB (Usage: 72.98%)
Transactions: ActiveCount=0
DB Pool: Used=0, Free=1, PendingAcquires=0, PendingCreates=0
Sockets: ActiveSockets=0, ActiveRooms=0
Image Cache: Size=0/100, EstMemory=0.00 MB, Hits=0, Misses=0 (HitRate: 0.00%, MissRate: 0.00%)
--------------------------------------------------------------------------------
[DIAGNOSTICS] [2026-06-05T10:13:30.263Z] [Interval]
Memory: RSS=22.39 MB, HeapTotal=44.04 MB, HeapUsed=36.22 MB (Usage: 82.26%)
Transactions: ActiveCount=0
DB Pool: Used=0, Free=1, PendingAcquires=0, PendingCreates=0
Sockets: ActiveSockets=0, ActiveRooms=0
Image Cache: Size=0/100, EstMemory=0.00 MB, Hits=0, Misses=0 (HitRate: 0.00%, MissRate: 0.00%)
--------------------------------------------------------------------------------
